<?xml version="1.0" encoding="UTF-8"?>
<!-- Generated by org.testng.reporters.JUnitXMLReporter -->
<testsuite ignored="0" hostname="Happy" failures="0" tests="11" name="Surefire test" time="11.732" errors="0" timestamp="2025-10-15T21:11:24 IST">
  <testcase classname="tests.CreateUserTest" name="testBatchQueryUsers_InvalidQueryParam" time="4.621"/>
  <testcase classname="tests.CreateUserTest" name="testBatchQueryUsers_Success" time="0.516"/>
  <testcase classname="tests.CreateUserTest" name="testCreateUser_MissingEmail" time="1.451"/>
  <testcase classname="tests.CreateUserTest" name="testCreateUser_Success" time="0.493"/>
  <testcase classname="tests.CreateUserTest" name="testDeleteUser_Success" time="0.445"/>
  <testcase classname="tests.CreateUserTest" name="testDeleteUser_UserNotFound" time="0.974"/>
  <testcase classname="tests.CreateUserTest" name="testGetUser_NotFound" time="0.849"/>
  <testcase classname="tests.CreateUserTest" name="testGetUser_Success" time="0.473"/>
  <testcase classname="tests.CreateUserTest" name="testUpdateUserEmail_InvalidEmail" time="0.452"/>
  <testcase classname="tests.CreateUserTest" name="testUpdateUserEmail_NonExistentUser" time="0.432"/>
  <testcase classname="tests.CreateUserTest" name="testUpdateUserEmail_Success" time="0.864"/>
</testsuite> <!-- Surefire test -->
