<?xml version="1.0" encoding="UTF-8"?>
<!-- Generated by org.testng.reporters.JUnitXMLReporter -->
<testsuite ignored="0" hostname="Happy" failures="0" tests="11" name="Test" time="11.939" errors="0" timestamp="2025-10-15T20:27:19 IST">
  <testcase classname="tests.CreateUserTest" name="testBatchQueryUsers_InvalidQueryParam" time="4.5"/>
  <testcase classname="tests.CreateUserTest" name="testBatchQueryUsers_Success" time="0.954"/>
  <testcase classname="tests.CreateUserTest" name="testCreateUser_MissingEmail" time="1.03"/>
  <testcase classname="tests.CreateUserTest" name="testCreateUser_Success" time="0.542"/>
  <testcase classname="tests.CreateUserTest" name="testDeleteUser_Success" time="0.487"/>
  <testcase classname="tests.CreateUserTest" name="testDeleteUser_UserNotFound" time="0.961"/>
  <testcase classname="tests.CreateUserTest" name="testGetUser_NotFound" time="0.487"/>
  <testcase classname="tests.CreateUserTest" name="testGetUser_Success" time="0.459"/>
  <testcase classname="tests.CreateUserTest" name="testUpdateUserEmail_InvalidEmail" time="0.924"/>
  <testcase classname="tests.CreateUserTest" name="testUpdateUserEmail_NonExistentUser" time="0.901"/>
  <testcase classname="tests.CreateUserTest" name="testUpdateUserEmail_Success" time="0.496"/>
</testsuite> <!-- Test -->
