<?xml version="1.0" encoding="UTF-8"?>
<testng-results ignored="0" total="11" passed="11" failed="0" skipped="0">
  <reporter-output>
  </reporter-output>
  <suite started-at="2025-10-15T21:11:12 IST" name="Surefire suite" finished-at="2025-10-15T21:11:24 IST" duration-ms="11732">
    <groups>
    </groups>
    <test started-at="2025-10-15T21:11:12 IST" name="Surefire test" finished-at="2025-10-15T21:11:24 IST" duration-ms="11732">
      <class name="tests.CreateUserTest">
        <test-method signature="testBatchQueryUsers_InvalidQueryParam()[pri:0, instance:tests.CreateUserTest@3d5c822d]" started-at="2025-10-15T21:11:12 IST" name="testBatchQueryUsers_InvalidQueryParam" finished-at="2025-10-15T21:11:17 IST" duration-ms="4621" status="PASS">
          <reporter-output>
          </reporter-output>
        </test-method> <!-- testBatchQueryUsers_InvalidQueryParam -->
        <test-method signature="testBatchQueryUsers_Success()[pri:0, instance:tests.CreateUserTest@3d5c822d]" started-at="2025-10-15T21:11:17 IST" name="testBatchQueryUsers_Success" finished-at="2025-10-15T21:11:17 IST" duration-ms="516" status="PASS">
          <reporter-output>
          </reporter-output>
        </test-method> <!-- testBatchQueryUsers_Success -->
        <test-method signature="testCreateUser_MissingEmail()[pri:0, instance:tests.CreateUserTest@3d5c822d]" started-at="2025-10-15T21:11:17 IST" name="testCreateUser_MissingEmail" finished-at="2025-10-15T21:11:19 IST" duration-ms="1451" status="PASS">
          <reporter-output>
          </reporter-output>
        </test-method> <!-- testCreateUser_MissingEmail -->
        <test-method signature="testCreateUser_Success()[pri:0, instance:tests.CreateUserTest@3d5c822d]" started-at="2025-10-15T21:11:19 IST" name="testCreateUser_Success" finished-at="2025-10-15T21:11:19 IST" duration-ms="493" status="PASS">
          <reporter-output>
          </reporter-output>
        </test-method> <!-- testCreateUser_Success -->
        <test-method signature="testDeleteUser_Success()[pri:0, instance:tests.CreateUserTest@3d5c822d]" started-at="2025-10-15T21:11:19 IST" name="testDeleteUser_Success" finished-at="2025-10-15T21:11:20 IST" duration-ms="445" status="PASS">
          <reporter-output>
          </reporter-output>
        </test-method> <!-- testDeleteUser_Success -->
        <test-method signature="testDeleteUser_UserNotFound()[pri:0, instance:tests.CreateUserTest@3d5c822d]" started-at="2025-10-15T21:11:20 IST" name="testDeleteUser_UserNotFound" finished-at="2025-10-15T21:11:21 IST" duration-ms="974" status="PASS">
          <reporter-output>
          </reporter-output>
        </test-method> <!-- testDeleteUser_UserNotFound -->
        <test-method signature="testGetUser_NotFound()[pri:0, instance:tests.CreateUserTest@3d5c822d]" started-at="2025-10-15T21:11:21 IST" name="testGetUser_NotFound" finished-at="2025-10-15T21:11:22 IST" duration-ms="849" status="PASS">
          <reporter-output>
          </reporter-output>
        </test-method> <!-- testGetUser_NotFound -->
        <test-method signature="testGetUser_Success()[pri:0, instance:tests.CreateUserTest@3d5c822d]" started-at="2025-10-15T21:11:22 IST" name="testGetUser_Success" finished-at="2025-10-15T21:11:22 IST" duration-ms="473" status="PASS">
          <reporter-output>
          </reporter-output>
        </test-method> <!-- testGetUser_Success -->
        <test-method signature="testUpdateUserEmail_InvalidEmail()[pri:0, instance:tests.CreateUserTest@3d5c822d]" started-at="2025-10-15T21:11:22 IST" name="testUpdateUserEmail_InvalidEmail" finished-at="2025-10-15T21:11:23 IST" duration-ms="452" status="PASS">
          <reporter-output>
          </reporter-output>
        </test-method> <!-- testUpdateUserEmail_InvalidEmail -->
        <test-method signature="testUpdateUserEmail_NonExistentUser()[pri:0, instance:tests.CreateUserTest@3d5c822d]" started-at="2025-10-15T21:11:23 IST" name="testUpdateUserEmail_NonExistentUser" finished-at="2025-10-15T21:11:23 IST" duration-ms="432" status="PASS">
          <reporter-output>
          </reporter-output>
        </test-method> <!-- testUpdateUserEmail_NonExistentUser -->
        <test-method signature="testUpdateUserEmail_Success()[pri:0, instance:tests.CreateUserTest@3d5c822d]" started-at="2025-10-15T21:11:23 IST" name="testUpdateUserEmail_Success" finished-at="2025-10-15T21:11:24 IST" duration-ms="864" status="PASS">
          <reporter-output>
          </reporter-output>
        </test-method> <!-- testUpdateUserEmail_Success -->
      </class> <!-- tests.CreateUserTest -->
    </test> <!-- Surefire test -->
  </suite> <!-- Surefire suite -->
</testng-results>
